<?xml version="1.0" encoding="UTF-8"?>
<!-- Generated by org.testng.reporters.JUnitReportReporter -->
<testsuite hostname="DESKTOP-NN9F1OB" failures="0" tests="1" name="TestNg.SoftAssertion" time="9.953" errors="0" timestamp="2024-02-26T21:21:05 IST" skipped="0">
  <testcase classname="TestNg.SoftAssertion" name="testassert" time="9.953"/>
  <system-out/>
</testsuite> <!-- TestNg.SoftAssertion -->
