<?xml version="1.0" encoding="UTF-8"?>
<!-- Generated by org.testng.reporters.JUnitReportReporter -->
<testsuite hostname="DESKTOP-NN9F1OB" failures="0" tests="1" name="TestNg.ListenerTestClass" time="3.821" errors="0" timestamp="2024-02-27T11:15:31 IST" skipped="0">
  <testcase classname="TestNg.ListenerTestClass" name="invokechrome" time="3.821"/>
  <system-out/>
</testsuite> <!-- TestNg.ListenerTestClass -->
