<?xml version="1.0" encoding="UTF-8"?>
<!-- Generated by org.testng.reporters.JUnitReportReporter -->
<testsuite hostname="DESKTOP-NN9F1OB" failures="0" tests="1" name="TestNg.InvokeChromeBroswer" time="3.578" errors="0" timestamp="2024-02-26T17:07:34 IST" skipped="0">
  <testcase classname="TestNg.InvokeChromeBroswer" name="invokechrome" time="3.578"/>
  <system-out/>
</testsuite> <!-- TestNg.InvokeChromeBroswer -->
