<?xml version="1.0" encoding="UTF-8"?>
<!-- Generated by org.testng.reporters.JUnitReportReporter -->
<testsuite hostname="DESKTOP-NN9F1OB" failures="0" tests="4" name="TestNg.annotationsEg" time="0.036" errors="0" timestamp="2024-02-27T11:01:41 IST" skipped="0">
  <testcase classname="TestNg.annotationsEg" name="testcase2" time="0.002"/>
  <system-out/>
  <testcase classname="TestNg.annotationsEg" name="testcase3" time="0.003"/>
  <system-out/>
  <testcase classname="TestNg.annotationsEg" name="testcase4" time="0.003"/>
  <system-out/>
  <testcase classname="TestNg.annotationsEg" name="testcase1" time="0.028"/>
  <system-out/>
</testsuite> <!-- TestNg.annotationsEg -->
