<?xml version="1.0" encoding="UTF-8"?>
<!-- Generated by org.testng.reporters.JUnitReportReporter -->
<testsuite hostname="DESKTOP-NN9F1OB" failures="0" tests="3" name="TestNg.DependOnMethodEg" time="0.029" errors="0" timestamp="2024-02-26T16:46:50 IST" skipped="0">
  <testcase classname="TestNg.DependOnMethodEg" name="testcase3" time="0.004"/>
  <system-out/>
  <testcase classname="TestNg.DependOnMethodEg" name="testcase1" time="0.020"/>
  <system-out/>
  <testcase classname="TestNg.DependOnMethodEg" name="testcase2" time="0.005"/>
  <system-out/>
</testsuite> <!-- TestNg.DependOnMethodEg -->
