<?xml version="1.0" encoding="UTF-8"?>
<!-- Generated by org.testng.reporters.JUnitReportReporter -->
<testsuite hostname="DESKTOP-NN9F1OB" failures="0" tests="2" name="TestNg.ParallelTesting" time="12.910" errors="0" timestamp="2024-02-26T22:17:28 IST" skipped="0">
  <testcase classname="TestNg.ParallelTesting" name="invokeChrome" time="7.190"/>
  <system-out/>
  <testcase classname="TestNg.ParallelTesting" name="invokeEdge" time="5.720"/>
  <system-out/>
</testsuite> <!-- TestNg.ParallelTesting -->
