<?xml version="1.0" encoding="UTF-8"?>
<!-- Generated by org.testng.reporters.JUnitReportReporter -->
<testsuite hostname="DESKTOP-NN9F1OB" failures="0" tests="1" name="TestNg.NewTest" time="6.164" errors="0" timestamp="2024-02-26T14:24:01 IST" skipped="0">
  <testcase classname="TestNg.NewTest" name="f" time="6.164"/>
  <system-out/>
</testsuite> <!-- TestNg.NewTest -->
