<?xml version="1.0" encoding="UTF-8"?>
<!-- Generated by org.testng.reporters.JUnitReportReporter -->
<testsuite hostname="DESKTOP-NN9F1OB" failures="0" tests="3" name="TestNg.Priority" time="0.026" errors="0" timestamp="2024-02-26T16:31:00 IST" skipped="0">
  <testcase classname="TestNg.Priority" name="testcase1" time="0.019"/>
  <system-out/>
  <testcase classname="TestNg.Priority" name="testcase3" time="0.003"/>
  <system-out/>
  <testcase classname="TestNg.Priority" name="testcase2" time="0.004"/>
  <system-out/>
</testsuite> <!-- TestNg.Priority -->
