<?xml version="1.0" encoding="UTF-8"?>
<!-- Generated by org.testng.reporters.JUnitReportReporter -->
<testsuite hostname="DESKTOP-NN9F1OB" failures="0" tests="3" name="TestNg.EnableFalse" time="0.027" errors="0" timestamp="2024-02-26T21:03:03 IST" skipped="1">
  <testcase classname="TestNg.EnableFalse" name="testcase3" time="0.002"/>
  <system-out/>
  <testcase classname="TestNg.EnableFalse" name="testcase2" time="0.025"/>
  <system-out/>
  <testcase classname="TestNg.EnableFalse" name="testcase1">
    <skipped/>
  </testcase> <!-- testcase1 -->
  <system-out/>
</testsuite> <!-- TestNg.EnableFalse -->
