<?xml version="1.0" encoding="UTF-8"?>
<!-- Generated by org.testng.reporters.JUnitReportReporter -->
<testsuite hostname="DESKTOP-NN9F1OB" failures="0" tests="1" name="TestNg.parametrized" time="3.201" errors="0" timestamp="2024-02-27T11:00:10 IST" skipped="0">
  <testcase classname="TestNg.parametrized" name="Parametrized" time="3.201"/>
  <system-out/>
</testsuite> <!-- TestNg.parametrized -->
