<?xml version="1.0" encoding="UTF-8"?>
<!-- Generated by org.testng.reporters.JUnitReportReporter -->
<testsuite hostname="DESKTOP-NN9F1OB" failures="0" tests="1" name="TestNg.TestClass" time="0.032" errors="0" timestamp="2024-02-26T11:53:44 IST" skipped="0">
  <testcase classname="TestNg.TestClass" name="test" time="0.032"/>
  <system-out/>
</testsuite> <!-- TestNg.TestClass -->
