<?xml version="1.0" encoding="UTF-8"?>
<!-- Generated by org.testng.reporters.JUnitReportReporter -->
<testsuite hostname="DESKTOP-NN9F1OB" failures="0" tests="4" name="TestNg.Grouping" time="0.030" errors="0" timestamp="2024-02-26T22:15:57 IST" skipped="0">
  <testcase classname="TestNg.Grouping" name="AddtoCart" time="0.023"/>
  <system-out/>
  <testcase classname="TestNg.Grouping" name="login" time="0.002"/>
  <system-out/>
  <testcase classname="TestNg.Grouping" name="Products" time="0.002"/>
  <system-out/>
  <testcase classname="TestNg.Grouping" name="Payment" time="0.003"/>
  <system-out/>
</testsuite> <!-- TestNg.Grouping -->
