<?xml version="1.0" encoding="UTF-8"?>
<!-- Generated by org.testng.reporters.JUnitReportReporter -->
<testsuite hostname="DESKTOP-NN9F1OB" failures="0" tests="1" name="TestNg.parametrized" time="4.292" errors="0" timestamp="2024-02-28T10:53:38 IST" skipped="0">
  <testcase classname="TestNg.parametrized" name="Parametrized" time="4.292"/>
  <system-out/>
</testsuite> <!-- TestNg.parametrized -->
